<?xml version="1.0" encoding="UTF-8"?>
<!-- Generated by org.testng.reporters.JUnitXMLReporter -->
<testsuite hostname="03RNBC-C02375" name="Default test" tests="2" failures="0" timestamp="27 Sep 2016 08:25:02 GMT" time="100.831" errors="0">
  <testcase name="@BeforeTest GetDataFromXml" time="0.0" classname="dstv.SignIn">
    <failure type="org.testng.TestNGException" message="
Parameter &amp;apos;base&amp;apos; is required by @Configuration on method GetDataFromXml but has not been marked @Optional or defined
in C:\Users\shubhangi.malavi.ZA\AppData\Local\Temp\testng-eclipse--2131999998\testng-customsuite.xml">
      <![CDATA[org.testng.TestNGException: 
Parameter 'base' is required by @Configuration on method GetDataFromXml but has not been marked @Optional or defined
in C:\Users\shubhangi.malavi.ZA\AppData\Local\Temp\testng-eclipse--2131999998\testng-customsuite.xml
	at org.testng.internal.Parameters.createParameters(Parameters.java:148)
	at org.testng.internal.Parameters.createParameters(Parameters.java:361)
	at org.testng.internal.Parameters.createConfigurationParameters(Parameters.java:84)
	at org.testng.internal.Invoker.invokeConfigurations(Invoker.java:199)
	at org.testng.internal.Invoker.invokeConfigurations(Invoker.java:140)
	at org.testng.TestRunner.beforeRun(TestRunner.java:645)
	at org.testng.TestRunner.run(TestRunner.java:613)
	at org.testng.SuiteRunner.runTest(SuiteRunner.java:357)
	at org.testng.SuiteRunner.runSequentially(SuiteRunner.java:352)
	at org.testng.SuiteRunner.privateRun(SuiteRunner.java:310)
	at org.testng.SuiteRunner.run(SuiteRunner.java:259)
	at org.testng.SuiteRunnerWorker.runSuite(SuiteRunnerWorker.java:52)
	at org.testng.SuiteRunnerWorker.run(SuiteRunnerWorker.java:86)
	at org.testng.TestNG.runSuitesSequentially(TestNG.java:1176)
	at org.testng.TestNG.runSuitesLocally(TestNG.java:1101)
	at org.testng.TestNG.run(TestNG.java:1009)
	at org.testng.remote.RemoteTestNG.run(RemoteTestNG.java:111)
	at org.testng.remote.RemoteTestNG.initAndRun(RemoteTestNG.java:204)
	at org.testng.remote.RemoteTestNG.main(RemoteTestNG.java:175)
]]>
    </failure>
  </testcase> <!-- @BeforeTest GetDataFromXml -->
  <testcase name="@BeforeTest checkTestRunnable" time="0.0" classname="dstv.SignIn">
    <skipped/>
  </testcase> <!-- @BeforeTest checkTestRunnable -->
  <testcase name="@BeforeMethod init" time="0.0" classname="dstv.SignIn">
    <skipped/>
  </testcase> <!-- @BeforeMethod init -->
  <testcase name="@AfterMethod tearDown" time="0.0" classname="dstv.SignIn">
    <skipped/>
  </testcase> <!-- @AfterMethod tearDown -->
  <testcase name="@BeforeMethod init" time="0.0" classname="dstv.SignIn">
    <skipped/>
  </testcase> <!-- @BeforeMethod init -->
  <testcase name="@AfterMethod tearDown" time="0.0" classname="dstv.SignIn">
    <skipped/>
  </testcase> <!-- @AfterMethod tearDown -->
  <testcase name="@AfterTest clouseBrowse" time="0.0" classname="dstv.SignIn">
    <skipped/>
  </testcase> <!-- @AfterTest clouseBrowse -->
  <testcase name="signIn" time="0.021" classname="dstv.SignIn">
    <skipped/>
  </testcase> <!-- signIn -->
  <testcase name="signIn" time="0.001" classname="dstv.SignIn">
    <skipped/>
  </testcase> <!-- signIn -->
</testsuite> <!-- Default test -->
